debug: Wed, 03 May 2023 14:54:32 GMT
debug: Project: D:\trunk\NewProject_2
debug: Targets: editor,preview
debug: Incremental file seems great.
debug: Engine path: C:\ProgramData\cocos\editors\Creator\3.7.1\resources\resources\3d\engine
debug: Initializing target [Editor]
debug: Loading cache
debug: Loading cache costs 2.6010000109672546ms.
debug: Engine features shipped in editor: base,gfx-webgl,gfx-webgl2,gfx-empty,3d,animation,skeletal-animation,2d,ui,particle,particle-2d,physics-framework,physics-2d-framework,intersection-2d,primitive,profiler,occlusion-query,geometry-renderer,debug-renderer,audio,video,xr,light-probe,terrain,webview,tween,tiled-map,spine,dragon-bones,marionette,custom-pipeline,websocket,websocket-server
debug: Our import map(foo:/bar): {
  "imports": {
    "cc": "cce:/internal/x/cc"
  }
}
debug: Initializing target [Preview]
debug: Loading cache
debug: Loading cache costs 1.5443999767303467ms.
debug: Our import map(foo:/bar): {
  "imports": {
    "cc": "cce:/internal/x/cc"
  }
}
debug: Sync engine features: 2d,animation,audio,base,dragon-bones,gfx-webgl,gfx-webgl2,intersection-2d,light-probe,particle-2d,physics-2d-box2d,profiler,spine,tiled-map,tween,ui,video,websocket,webview
debug: Reset databases. Enumerated domains: [
  {
    "root": "db://internal/",
    "physical": "C:\\ProgramData\\cocos\\editors\\Creator\\3.7.1\\resources\\resources\\3d\\engine\\editor\\assets"
  },
  {
    "root": "db://assets/",
    "physical": "D:\\trunk\\NewProject_2\\assets"
  }
]
debug: Our import map(foo:/bar): {
  "imports": {
    "cc": "cce:/internal/x/cc",
    "db://internal/": "file:///C:/ProgramData/cocos/editors/Creator/3.7.1/resources/resources/3d/engine/editor/assets/",
    "db://assets/": "file:///D:/trunk/NewProject_2/assets/"
  }
}
debug: Our import map(foo:/bar): {
  "imports": {
    "cc": "cce:/internal/x/cc",
    "db://internal/": "file:///C:/ProgramData/cocos/editors/Creator/3.7.1/resources/resources/3d/engine/editor/assets/",
    "db://assets/": "file:///D:/trunk/NewProject_2/assets/"
  }
}
debug: Pulling asset-db.
debug: Fetch asset-db cost: 5.453400015830994ms.
debug: Build iteration starts.
Number of accumulated asset changes: 0
Feature changed: false
debug: Target(editor) build started.
debug: Detected change: cce:/internal/x/cc. Last mtime: Thu Jan 01 1970 08:00:13 GMT+0800 (中国标准时间), Current mtime: Thu Jan 01 1970 08:00:06 GMT+0800 (中国标准时间)
debug: Inspect cce:/internal/x/cc
debug: Resolve cce:/internal/x/cc-fu/base from cce:/internal/x/cc as external dependency cce:/internal/x/cc-fu/base.
debug: Resolve cce:/internal/x/cc-fu/gfx-webgl from cce:/internal/x/cc as external dependency cce:/internal/x/cc-fu/gfx-webgl.
debug: Resolve cce:/internal/x/cc-fu/gfx-webgl2 from cce:/internal/x/cc as external dependency cce:/internal/x/cc-fu/gfx-webgl2.
debug: Resolve cce:/internal/x/cc-fu/gfx-empty from cce:/internal/x/cc as external dependency cce:/internal/x/cc-fu/gfx-empty.
debug: Resolve cce:/internal/x/cc-fu/3d from cce:/internal/x/cc as external dependency cce:/internal/x/cc-fu/3d.
debug: Resolve cce:/internal/x/cc-fu/animation from cce:/internal/x/cc as external dependency cce:/internal/x/cc-fu/animation.
debug: Resolve cce:/internal/x/cc-fu/skeletal-animation from cce:/internal/x/cc as external dependency cce:/internal/x/cc-fu/skeletal-animation.
debug: Resolve cce:/internal/x/cc-fu/2d from cce:/internal/x/cc as external dependency cce:/internal/x/cc-fu/2d.
debug: Resolve cce:/internal/x/cc-fu/sorting from cce:/internal/x/cc as external dependency cce:/internal/x/cc-fu/sorting.
debug: Resolve cce:/internal/x/cc-fu/ui from cce:/internal/x/cc as external dependency cce:/internal/x/cc-fu/ui.
debug: Resolve cce:/internal/x/cc-fu/particle from cce:/internal/x/cc as external dependency cce:/internal/x/cc-fu/particle.
debug: Resolve cce:/internal/x/cc-fu/particle-2d from cce:/internal/x/cc as external dependency cce:/internal/x/cc-fu/particle-2d.
debug: Resolve cce:/internal/x/cc-fu/physics-framework from cce:/internal/x/cc as external dependency cce:/internal/x/cc-fu/physics-framework.
debug: Resolve cce:/internal/x/cc-fu/physics-2d-framework from cce:/internal/x/cc as external dependency cce:/internal/x/cc-fu/physics-2d-framework.
debug: Resolve cce:/internal/x/cc-fu/intersection-2d from cce:/internal/x/cc as external dependency cce:/internal/x/cc-fu/intersection-2d.
debug: Resolve cce:/internal/x/cc-fu/primitive from cce:/internal/x/cc as external dependency cce:/internal/x/cc-fu/primitive.
debug: Resolve cce:/internal/x/cc-fu/profiler from cce:/internal/x/cc as external dependency cce:/internal/x/cc-fu/profiler.
debug: Resolve cce:/internal/x/cc-fu/geometry-renderer from cce:/internal/x/cc as external dependency cce:/internal/x/cc-fu/geometry-renderer.
debug: Resolve cce:/internal/x/cc-fu/audio from cce:/internal/x/cc as external dependency cce:/internal/x/cc-fu/audio.
debug: Resolve cce:/internal/x/cc-fu/video from cce:/internal/x/cc as external dependency cce:/internal/x/cc-fu/video.
debug: Resolve cce:/internal/x/cc-fu/xr from cce:/internal/x/cc as external dependency cce:/internal/x/cc-fu/xr.
debug: Resolve cce:/internal/x/cc-fu/light-probe from cce:/internal/x/cc as external dependency cce:/internal/x/cc-fu/light-probe.
debug: Resolve cce:/internal/x/cc-fu/terrain from cce:/internal/x/cc as external dependency cce:/internal/x/cc-fu/terrain.
debug: Resolve cce:/internal/x/cc-fu/webview from cce:/internal/x/cc as external dependency cce:/internal/x/cc-fu/webview.
debug: Resolve cce:/internal/x/cc-fu/tween from cce:/internal/x/cc as external dependency cce:/internal/x/cc-fu/tween.
debug: Resolve cce:/internal/x/cc-fu/tiled-map from cce:/internal/x/cc as external dependency cce:/internal/x/cc-fu/tiled-map.
debug: Resolve cce:/internal/x/cc-fu/spine from cce:/internal/x/cc as external dependency cce:/internal/x/cc-fu/spine.
debug: Resolve cce:/internal/x/cc-fu/dragon-bones from cce:/internal/x/cc as external dependency cce:/internal/x/cc-fu/dragon-bones.
debug: Resolve cce:/internal/x/cc-fu/custom-pipeline from cce:/internal/x/cc as external dependency cce:/internal/x/cc-fu/custom-pipeline.
debug: Detected change: cce:/internal/x/prerequisite-imports. Last mtime: Thu Jan 01 1970 08:00:13 GMT+0800 (中国标准时间), Current mtime: Thu Jan 01 1970 08:00:06 GMT+0800 (中国标准时间)
debug: Inspect cce:/internal/x/prerequisite-imports
debug: Target(editor) ends with cost 58.00549998879433ms.
debug: Target(preview) build started.
debug: Detected change: cce:/internal/x/cc. Last mtime: Thu Jan 01 1970 08:00:13 GMT+0800 (中国标准时间), Current mtime: Thu Jan 01 1970 08:00:06 GMT+0800 (中国标准时间)
debug: Inspect cce:/internal/x/cc
debug: Resolve cce:/internal/x/cc-fu/2d from cce:/internal/x/cc as external dependency cce:/internal/x/cc-fu/2d.
debug: Resolve cce:/internal/x/cc-fu/sorting from cce:/internal/x/cc as external dependency cce:/internal/x/cc-fu/sorting.
debug: Resolve cce:/internal/x/cc-fu/animation from cce:/internal/x/cc as external dependency cce:/internal/x/cc-fu/animation.
debug: Resolve cce:/internal/x/cc-fu/audio from cce:/internal/x/cc as external dependency cce:/internal/x/cc-fu/audio.
debug: Resolve cce:/internal/x/cc-fu/base from cce:/internal/x/cc as external dependency cce:/internal/x/cc-fu/base.
debug: Resolve cce:/internal/x/cc-fu/dragon-bones from cce:/internal/x/cc as external dependency cce:/internal/x/cc-fu/dragon-bones.
debug: Resolve cce:/internal/x/cc-fu/gfx-webgl from cce:/internal/x/cc as external dependency cce:/internal/x/cc-fu/gfx-webgl.
debug: Resolve cce:/internal/x/cc-fu/gfx-webgl2 from cce:/internal/x/cc as external dependency cce:/internal/x/cc-fu/gfx-webgl2.
debug: Resolve cce:/internal/x/cc-fu/intersection-2d from cce:/internal/x/cc as external dependency cce:/internal/x/cc-fu/intersection-2d.
debug: Resolve cce:/internal/x/cc-fu/light-probe from cce:/internal/x/cc as external dependency cce:/internal/x/cc-fu/light-probe.
debug: Resolve cce:/internal/x/cc-fu/particle-2d from cce:/internal/x/cc as external dependency cce:/internal/x/cc-fu/particle-2d.
debug: Resolve cce:/internal/x/cc-fu/physics-2d-box2d from cce:/internal/x/cc as external dependency cce:/internal/x/cc-fu/physics-2d-box2d.
debug: Resolve cce:/internal/x/cc-fu/physics-2d-framework from cce:/internal/x/cc as external dependency cce:/internal/x/cc-fu/physics-2d-framework.
debug: Resolve cce:/internal/x/cc-fu/profiler from cce:/internal/x/cc as external dependency cce:/internal/x/cc-fu/profiler.
debug: Resolve cce:/internal/x/cc-fu/spine from cce:/internal/x/cc as external dependency cce:/internal/x/cc-fu/spine.
debug: Resolve cce:/internal/x/cc-fu/tiled-map from cce:/internal/x/cc as external dependency cce:/internal/x/cc-fu/tiled-map.
debug: Resolve cce:/internal/x/cc-fu/tween from cce:/internal/x/cc as external dependency cce:/internal/x/cc-fu/tween.
debug: Resolve cce:/internal/x/cc-fu/ui from cce:/internal/x/cc as external dependency cce:/internal/x/cc-fu/ui.
debug: Resolve cce:/internal/x/cc-fu/video from cce:/internal/x/cc as external dependency cce:/internal/x/cc-fu/video.
debug: Resolve cce:/internal/x/cc-fu/webview from cce:/internal/x/cc as external dependency cce:/internal/x/cc-fu/webview.
debug: Detected change: cce:/internal/x/prerequisite-imports. Last mtime: Thu Jan 01 1970 08:00:13 GMT+0800 (中国标准时间), Current mtime: Thu Jan 01 1970 08:00:06 GMT+0800 (中国标准时间)
debug: Inspect cce:/internal/x/prerequisite-imports
debug: Target(preview) ends with cost 44.377000004053116ms.
debug: Pulling asset-db.
debug: Fetch asset-db cost: 834.3905999958515ms.
debug: Build iteration starts.
Number of accumulated asset changes: 0
Feature changed: false
debug: Target(editor) build started.
debug: Target(editor) ends with cost 4.837300002574921ms.
debug: Target(preview) build started.
debug: Target(preview) ends with cost 4.252800017595291ms.
debug: Dispatch build request for time accumulated 1 asset changes.
debug: Build iteration starts.
Number of accumulated asset changes: 1
Feature changed: false
debug: Target(editor) build started.
debug: Detected change: cce:/internal/x/prerequisite-imports. Last mtime: Thu Jan 01 1970 08:00:06 GMT+0800 (中国标准时间), Current mtime: Thu Jan 01 1970 08:24:39 GMT+0800 (中国标准时间)
debug: Inspect cce:/internal/x/prerequisite-imports
debug: Resolve file:///D:/trunk/NewProject_2/assets/script/NewComponent.ts from cce:/internal/x/prerequisite-imports as file:///D:/trunk/NewProject_2/assets/script/NewComponent.ts.
debug: Inspect file:///D:/trunk/NewProject_2/assets/script/NewComponent.ts
debug: Resolve cc from file:///D:/trunk/NewProject_2/assets/script/NewComponent.ts as cce:/internal/x/cc.
debug: Resolve cc from file:///D:/trunk/NewProject_2/assets/script/NewComponent.ts as cce:/internal/x/cc.
debug: Resolve cc from file:///D:/trunk/NewProject_2/assets/script/NewComponent.ts as cce:/internal/x/cc.
debug: Target(editor) ends with cost 58.098999977111816ms.
debug: Target(preview) build started.
debug: Detected change: cce:/internal/x/prerequisite-imports. Last mtime: Thu Jan 01 1970 08:00:06 GMT+0800 (中国标准时间), Current mtime: Thu Jan 01 1970 08:24:39 GMT+0800 (中国标准时间)
debug: Inspect cce:/internal/x/prerequisite-imports
debug: Resolve file:///D:/trunk/NewProject_2/assets/script/NewComponent.ts from cce:/internal/x/prerequisite-imports as file:///D:/trunk/NewProject_2/assets/script/NewComponent.ts.
debug: Inspect file:///D:/trunk/NewProject_2/assets/script/NewComponent.ts
debug: Resolve cc from file:///D:/trunk/NewProject_2/assets/script/NewComponent.ts as cce:/internal/x/cc.
debug: Resolve cc from file:///D:/trunk/NewProject_2/assets/script/NewComponent.ts as cce:/internal/x/cc.
debug: Resolve cc from file:///D:/trunk/NewProject_2/assets/script/NewComponent.ts as cce:/internal/x/cc.
debug: Target(preview) ends with cost 73.5106999874115ms.
debug: Dispatch build request for time accumulated 1 asset changes.
debug: Build iteration starts.
Number of accumulated asset changes: 1
Feature changed: false
debug: Target(editor) build started.
debug: Detected change: cce:/internal/x/prerequisite-imports. Last mtime: Thu Jan 01 1970 08:24:39 GMT+0800 (中国标准时间), Current mtime: Thu Jan 01 1970 08:24:47 GMT+0800 (中国标准时间)
debug: Inspect cce:/internal/x/prerequisite-imports
debug: Resolve file:///D:/trunk/NewProject_2/assets/script/heros.ts from cce:/internal/x/prerequisite-imports as file:///D:/trunk/NewProject_2/assets/script/heros.ts.
debug: Inspect file:///D:/trunk/NewProject_2/assets/script/heros.ts
debug: Resolve cc from file:///D:/trunk/NewProject_2/assets/script/heros.ts as cce:/internal/x/cc.
debug: Resolve cc from file:///D:/trunk/NewProject_2/assets/script/heros.ts as cce:/internal/x/cc.
debug: Resolve cc from file:///D:/trunk/NewProject_2/assets/script/heros.ts as cce:/internal/x/cc.
debug: Target(editor) ends with cost 44.73190000653267ms.
debug: Target(preview) build started.
debug: Detected change: cce:/internal/x/prerequisite-imports. Last mtime: Thu Jan 01 1970 08:24:39 GMT+0800 (中国标准时间), Current mtime: Thu Jan 01 1970 08:24:48 GMT+0800 (中国标准时间)
debug: Inspect cce:/internal/x/prerequisite-imports
debug: Resolve file:///D:/trunk/NewProject_2/assets/script/heros.ts from cce:/internal/x/prerequisite-imports as file:///D:/trunk/NewProject_2/assets/script/heros.ts.
debug: Inspect file:///D:/trunk/NewProject_2/assets/script/heros.ts
debug: Resolve cc from file:///D:/trunk/NewProject_2/assets/script/heros.ts as cce:/internal/x/cc.
debug: Resolve cc from file:///D:/trunk/NewProject_2/assets/script/heros.ts as cce:/internal/x/cc.
debug: Resolve cc from file:///D:/trunk/NewProject_2/assets/script/heros.ts as cce:/internal/x/cc.
debug: Target(preview) ends with cost 59.55000001192093ms.
debug: Dispatch build request for time accumulated 1 asset changes.
debug: Build iteration starts.
Number of accumulated asset changes: 1
Feature changed: false
debug: Target(editor) build started.
debug: Detected change: cce:/internal/x/prerequisite-imports. Last mtime: Thu Jan 01 1970 08:24:47 GMT+0800 (中国标准时间), Current mtime: Thu Jan 01 1970 08:24:55 GMT+0800 (中国标准时间)
debug: Inspect cce:/internal/x/prerequisite-imports
debug: Target(editor) ends with cost 35.212400019168854ms.
debug: Target(preview) build started.
debug: Detected change: cce:/internal/x/prerequisite-imports. Last mtime: Thu Jan 01 1970 08:24:48 GMT+0800 (中国标准时间), Current mtime: Thu Jan 01 1970 08:24:55 GMT+0800 (中国标准时间)
debug: Inspect cce:/internal/x/prerequisite-imports
debug: Target(preview) ends with cost 60.67289999127388ms.
debug: Dispatch build request for time accumulated 1 asset changes.
debug: Build iteration starts.
Number of accumulated asset changes: 1
Feature changed: false
debug: Target(editor) build started.
debug: Detected change: cce:/internal/x/prerequisite-imports. Last mtime: Thu Jan 01 1970 08:24:55 GMT+0800 (中国标准时间), Current mtime: Thu Jan 01 1970 08:25:00 GMT+0800 (中国标准时间)
debug: Inspect cce:/internal/x/prerequisite-imports
debug: Resolve file:///D:/trunk/NewProject_2/assets/script/heros.ts from cce:/internal/x/prerequisite-imports as file:///D:/trunk/NewProject_2/assets/script/heros.ts.
debug: Detected change: file:///D:/trunk/NewProject_2/assets/script/heros.ts. Last mtime: Wed May 03 2023 23:19:04 GMT+0800 (中国标准时间)@2c339739-35d3-4605-a448-6bd90cb958c1, Current mtime: Wed May 03 2023 23:19:26 GMT+0800 (中国标准时间)@435f5f9e-3b28-4ea3-a878-aeceb6f8e091
debug: Inspect file:///D:/trunk/NewProject_2/assets/script/heros.ts
debug: Resolve cc from file:///D:/trunk/NewProject_2/assets/script/heros.ts as cce:/internal/x/cc.
debug: Resolve cc from file:///D:/trunk/NewProject_2/assets/script/heros.ts as cce:/internal/x/cc.
debug: Resolve cc from file:///D:/trunk/NewProject_2/assets/script/heros.ts as cce:/internal/x/cc.
debug: Target(editor) ends with cost 35.62080001831055ms.
debug: Target(preview) build started.
debug: Detected change: cce:/internal/x/prerequisite-imports. Last mtime: Thu Jan 01 1970 08:24:55 GMT+0800 (中国标准时间), Current mtime: Thu Jan 01 1970 08:25:00 GMT+0800 (中国标准时间)
debug: Inspect cce:/internal/x/prerequisite-imports
debug: Resolve file:///D:/trunk/NewProject_2/assets/script/heros.ts from cce:/internal/x/prerequisite-imports as file:///D:/trunk/NewProject_2/assets/script/heros.ts.
debug: Detected change: file:///D:/trunk/NewProject_2/assets/script/heros.ts. Last mtime: Wed May 03 2023 23:19:04 GMT+0800 (中国标准时间)@2c339739-35d3-4605-a448-6bd90cb958c1, Current mtime: Wed May 03 2023 23:19:26 GMT+0800 (中国标准时间)@435f5f9e-3b28-4ea3-a878-aeceb6f8e091
debug: Inspect file:///D:/trunk/NewProject_2/assets/script/heros.ts
debug: Resolve cc from file:///D:/trunk/NewProject_2/assets/script/heros.ts as cce:/internal/x/cc.
debug: Resolve cc from file:///D:/trunk/NewProject_2/assets/script/heros.ts as cce:/internal/x/cc.
debug: Resolve cc from file:///D:/trunk/NewProject_2/assets/script/heros.ts as cce:/internal/x/cc.
debug: Target(preview) ends with cost 51.35369998216629ms.
debug: Dispatch build request for time accumulated 1 asset changes.
debug: Build iteration starts.
Number of accumulated asset changes: 1
Feature changed: false
debug: Target(editor) build started.
debug: Detected change: cce:/internal/x/prerequisite-imports. Last mtime: Thu Jan 01 1970 08:25:00 GMT+0800 (中国标准时间), Current mtime: Thu Jan 01 1970 08:29:18 GMT+0800 (中国标准时间)
debug: Inspect cce:/internal/x/prerequisite-imports
debug: Resolve file:///D:/trunk/NewProject_2/assets/script/heros.ts from cce:/internal/x/prerequisite-imports as file:///D:/trunk/NewProject_2/assets/script/heros.ts.
debug: Detected change: file:///D:/trunk/NewProject_2/assets/script/heros.ts. Last mtime: Wed May 03 2023 23:19:26 GMT+0800 (中国标准时间)@435f5f9e-3b28-4ea3-a878-aeceb6f8e091, Current mtime: Wed May 03 2023 23:23:40 GMT+0800 (中国标准时间)@435f5f9e-3b28-4ea3-a878-aeceb6f8e091
debug: Inspect file:///D:/trunk/NewProject_2/assets/script/heros.ts
debug: Resolve cc from file:///D:/trunk/NewProject_2/assets/script/heros.ts as cce:/internal/x/cc.
debug: Resolve cc from file:///D:/trunk/NewProject_2/assets/script/heros.ts as cce:/internal/x/cc.
debug: Resolve cc from file:///D:/trunk/NewProject_2/assets/script/heros.ts as cce:/internal/x/cc.
debug: Target(editor) ends with cost 92.55840000510216ms.
debug: Target(preview) build started.
debug: Detected change: cce:/internal/x/prerequisite-imports. Last mtime: Thu Jan 01 1970 08:25:00 GMT+0800 (中国标准时间), Current mtime: Thu Jan 01 1970 08:29:18 GMT+0800 (中国标准时间)
debug: Inspect cce:/internal/x/prerequisite-imports
debug: Resolve file:///D:/trunk/NewProject_2/assets/script/heros.ts from cce:/internal/x/prerequisite-imports as file:///D:/trunk/NewProject_2/assets/script/heros.ts.
debug: Detected change: file:///D:/trunk/NewProject_2/assets/script/heros.ts. Last mtime: Wed May 03 2023 23:19:26 GMT+0800 (中国标准时间)@435f5f9e-3b28-4ea3-a878-aeceb6f8e091, Current mtime: Wed May 03 2023 23:23:40 GMT+0800 (中国标准时间)@435f5f9e-3b28-4ea3-a878-aeceb6f8e091
debug: Inspect file:///D:/trunk/NewProject_2/assets/script/heros.ts
debug: Resolve cc from file:///D:/trunk/NewProject_2/assets/script/heros.ts as cce:/internal/x/cc.
debug: Resolve cc from file:///D:/trunk/NewProject_2/assets/script/heros.ts as cce:/internal/x/cc.
debug: Resolve cc from file:///D:/trunk/NewProject_2/assets/script/heros.ts as cce:/internal/x/cc.
debug: Target(preview) ends with cost 71.45480000972748ms.
debug: Dispatch build request for time accumulated 1 asset changes.
debug: Build iteration starts.
Number of accumulated asset changes: 1
Feature changed: false
debug: Target(editor) build started.
debug: Detected change: cce:/internal/x/prerequisite-imports. Last mtime: Thu Jan 01 1970 08:29:18 GMT+0800 (中国标准时间), Current mtime: Thu Jan 01 1970 08:32:09 GMT+0800 (中国标准时间)
debug: Inspect cce:/internal/x/prerequisite-imports
debug: Resolve file:///D:/trunk/NewProject_2/assets/script/heros.ts from cce:/internal/x/prerequisite-imports as file:///D:/trunk/NewProject_2/assets/script/heros.ts.
debug: Detected change: file:///D:/trunk/NewProject_2/assets/script/heros.ts. Last mtime: Wed May 03 2023 23:23:40 GMT+0800 (中国标准时间)@435f5f9e-3b28-4ea3-a878-aeceb6f8e091, Current mtime: Wed May 03 2023 23:26:31 GMT+0800 (中国标准时间)@435f5f9e-3b28-4ea3-a878-aeceb6f8e091
debug: Inspect file:///D:/trunk/NewProject_2/assets/script/heros.ts
debug: Resolve cc from file:///D:/trunk/NewProject_2/assets/script/heros.ts as cce:/internal/x/cc.
debug: Resolve cc from file:///D:/trunk/NewProject_2/assets/script/heros.ts as cce:/internal/x/cc.
debug: Resolve cc from file:///D:/trunk/NewProject_2/assets/script/heros.ts as cce:/internal/x/cc.
debug: Target(editor) ends with cost 61.950100004673004ms.
debug: Target(preview) build started.
debug: Detected change: cce:/internal/x/prerequisite-imports. Last mtime: Thu Jan 01 1970 08:29:18 GMT+0800 (中国标准时间), Current mtime: Thu Jan 01 1970 08:32:09 GMT+0800 (中国标准时间)
debug: Inspect cce:/internal/x/prerequisite-imports
debug: Resolve file:///D:/trunk/NewProject_2/assets/script/heros.ts from cce:/internal/x/prerequisite-imports as file:///D:/trunk/NewProject_2/assets/script/heros.ts.
debug: Detected change: file:///D:/trunk/NewProject_2/assets/script/heros.ts. Last mtime: Wed May 03 2023 23:23:40 GMT+0800 (中国标准时间)@435f5f9e-3b28-4ea3-a878-aeceb6f8e091, Current mtime: Wed May 03 2023 23:26:31 GMT+0800 (中国标准时间)@435f5f9e-3b28-4ea3-a878-aeceb6f8e091
debug: Inspect file:///D:/trunk/NewProject_2/assets/script/heros.ts
debug: Resolve cc from file:///D:/trunk/NewProject_2/assets/script/heros.ts as cce:/internal/x/cc.
debug: Resolve cc from file:///D:/trunk/NewProject_2/assets/script/heros.ts as cce:/internal/x/cc.
debug: Resolve cc from file:///D:/trunk/NewProject_2/assets/script/heros.ts as cce:/internal/x/cc.
debug: Target(preview) ends with cost 68.09849998354912ms.
debug: Dispatch build request for time accumulated 1 asset changes.
debug: Build iteration starts.
Number of accumulated asset changes: 1
Feature changed: false
debug: Target(editor) build started.
debug: Detected change: cce:/internal/x/prerequisite-imports. Last mtime: Thu Jan 01 1970 08:32:09 GMT+0800 (中国标准时间), Current mtime: Thu Jan 01 1970 08:40:41 GMT+0800 (中国标准时间)
debug: Inspect cce:/internal/x/prerequisite-imports
debug: Resolve file:///D:/trunk/NewProject_2/assets/script/heros.ts from cce:/internal/x/prerequisite-imports as file:///D:/trunk/NewProject_2/assets/script/heros.ts.
debug: Detected change: file:///D:/trunk/NewProject_2/assets/script/heros.ts. Last mtime: Wed May 03 2023 23:26:31 GMT+0800 (中国标准时间)@435f5f9e-3b28-4ea3-a878-aeceb6f8e091, Current mtime: Wed May 03 2023 23:35:04 GMT+0800 (中国标准时间)@435f5f9e-3b28-4ea3-a878-aeceb6f8e091
debug: Inspect file:///D:/trunk/NewProject_2/assets/script/heros.ts
debug: Resolve cc from file:///D:/trunk/NewProject_2/assets/script/heros.ts as cce:/internal/x/cc.
debug: Resolve cc from file:///D:/trunk/NewProject_2/assets/script/heros.ts as cce:/internal/x/cc.
debug: Resolve cc from file:///D:/trunk/NewProject_2/assets/script/heros.ts as cce:/internal/x/cc.
debug: Target(editor) ends with cost 59.479999989271164ms.
debug: Target(preview) build started.
debug: Detected change: cce:/internal/x/prerequisite-imports. Last mtime: Thu Jan 01 1970 08:32:09 GMT+0800 (中国标准时间), Current mtime: Thu Jan 01 1970 08:40:41 GMT+0800 (中国标准时间)
debug: Inspect cce:/internal/x/prerequisite-imports
debug: Resolve file:///D:/trunk/NewProject_2/assets/script/heros.ts from cce:/internal/x/prerequisite-imports as file:///D:/trunk/NewProject_2/assets/script/heros.ts.
debug: Detected change: file:///D:/trunk/NewProject_2/assets/script/heros.ts. Last mtime: Wed May 03 2023 23:26:31 GMT+0800 (中国标准时间)@435f5f9e-3b28-4ea3-a878-aeceb6f8e091, Current mtime: Wed May 03 2023 23:35:04 GMT+0800 (中国标准时间)@435f5f9e-3b28-4ea3-a878-aeceb6f8e091
debug: Inspect file:///D:/trunk/NewProject_2/assets/script/heros.ts
debug: Resolve cc from file:///D:/trunk/NewProject_2/assets/script/heros.ts as cce:/internal/x/cc.
debug: Resolve cc from file:///D:/trunk/NewProject_2/assets/script/heros.ts as cce:/internal/x/cc.
debug: Resolve cc from file:///D:/trunk/NewProject_2/assets/script/heros.ts as cce:/internal/x/cc.
debug: Target(preview) ends with cost 80.14800000190735ms.
debug: Dispatch build request for time accumulated 1 asset changes.
debug: Build iteration starts.
Number of accumulated asset changes: 1
Feature changed: false
debug: Target(editor) build started.
debug: Detected change: cce:/internal/x/prerequisite-imports. Last mtime: Thu Jan 01 1970 08:40:41 GMT+0800 (中国标准时间), Current mtime: Thu Jan 01 1970 08:43:20 GMT+0800 (中国标准时间)
debug: Inspect cce:/internal/x/prerequisite-imports
debug: Resolve file:///D:/trunk/NewProject_2/assets/script/heros.ts from cce:/internal/x/prerequisite-imports as file:///D:/trunk/NewProject_2/assets/script/heros.ts.
debug: Detected change: file:///D:/trunk/NewProject_2/assets/script/heros.ts. Last mtime: Wed May 03 2023 23:35:04 GMT+0800 (中国标准时间)@435f5f9e-3b28-4ea3-a878-aeceb6f8e091, Current mtime: Wed May 03 2023 23:37:44 GMT+0800 (中国标准时间)@435f5f9e-3b28-4ea3-a878-aeceb6f8e091
debug: Inspect file:///D:/trunk/NewProject_2/assets/script/heros.ts
debug: Resolve cc from file:///D:/trunk/NewProject_2/assets/script/heros.ts as cce:/internal/x/cc.
debug: Resolve cc from file:///D:/trunk/NewProject_2/assets/script/heros.ts as cce:/internal/x/cc.
debug: Resolve cc from file:///D:/trunk/NewProject_2/assets/script/heros.ts as cce:/internal/x/cc.
debug: Target(editor) ends with cost 60.89869999885559ms.
debug: Target(preview) build started.
debug: Detected change: cce:/internal/x/prerequisite-imports. Last mtime: Thu Jan 01 1970 08:40:41 GMT+0800 (中国标准时间), Current mtime: Thu Jan 01 1970 08:43:20 GMT+0800 (中国标准时间)
debug: Inspect cce:/internal/x/prerequisite-imports
debug: Resolve file:///D:/trunk/NewProject_2/assets/script/heros.ts from cce:/internal/x/prerequisite-imports as file:///D:/trunk/NewProject_2/assets/script/heros.ts.
debug: Detected change: file:///D:/trunk/NewProject_2/assets/script/heros.ts. Last mtime: Wed May 03 2023 23:35:04 GMT+0800 (中国标准时间)@435f5f9e-3b28-4ea3-a878-aeceb6f8e091, Current mtime: Wed May 03 2023 23:37:44 GMT+0800 (中国标准时间)@435f5f9e-3b28-4ea3-a878-aeceb6f8e091
debug: Inspect file:///D:/trunk/NewProject_2/assets/script/heros.ts
debug: Resolve cc from file:///D:/trunk/NewProject_2/assets/script/heros.ts as cce:/internal/x/cc.
debug: Resolve cc from file:///D:/trunk/NewProject_2/assets/script/heros.ts as cce:/internal/x/cc.
debug: Resolve cc from file:///D:/trunk/NewProject_2/assets/script/heros.ts as cce:/internal/x/cc.
debug: Target(preview) ends with cost 94.87830001115799ms.
